[2020-05-26 00:39:56] Текст ошибки: 
                    Страница не найдена | Файл: C:\openServer\OpenServer\domains\ishop2.loc\public\index.php | Строка: 9
===========================================
[2020-05-26 00:39:56] Текст ошибки: 
                    Страница не найдена | Файл: C:\openServer\OpenServer\domains\ishop2.loc\public\index.php | Строка: 9
===========================================
[2020-05-26 00:40:36] Текст ошибки: 
                    Страница не найдена | Файл: C:\openServer\OpenServer\domains\ishop2.loc\public\index.php | Строка: 9
===========================================
[2020-05-26 00:40:37] Текст ошибки: 
                    Страница не найдена | Файл: C:\openServer\OpenServer\domains\ishop2.loc\public\index.php | Строка: 9
===========================================
[2020-05-26 00:41:32] Текст ошибки: 
                    Страница не найдена | Файл: C:\openServer\OpenServer\domains\ishop2.loc\public\index.php | Строка: 9
===========================================
[2020-05-26 00:41:33] Текст ошибки: 
                    Страница не найдена | Файл: C:\openServer\OpenServer\domains\ishop2.loc\public\index.php | Строка: 9
===========================================
[2020-05-26 00:42:29] Текст ошибки: 
                    Страница не найдена | Файл: C:\openServer\OpenServer\domains\ishop2.loc\public\index.php | Строка: 9
===========================================
[2020-05-26 00:42:29] Текст ошибки: 
                    Страница не найдена | Файл: C:\openServer\OpenServer\domains\ishop2.loc\public\index.php | Строка: 9
===========================================
[2020-05-26 00:42:45] Текст ошибки: 
                    Страница не найдена | Файл: C:\openServer\OpenServer\domains\ishop2.loc\public\index.php | Строка: 9
===========================================
[2020-05-26 00:42:46] Текст ошибки: 
                    Страница не найдена | Файл: C:\openServer\OpenServer\domains\ishop2.loc\public\index.php | Строка: 9
===========================================
[2020-05-26 00:53:48] Текст ошибки: 
                    Страница не найдена | Файл: C:\openServer\OpenServer\domains\ishop2.loc\public\index.php | Строка: 9
===========================================
[2020-05-26 00:53:49] Текст ошибки: 
                    Страница не найдена | Файл: C:\openServer\OpenServer\domains\ishop2.loc\public\index.php | Строка: 9
===========================================
[2020-05-26 00:53:58] Текст ошибки: 
                    Страница не найдена | Файл: C:\openServer\OpenServer\domains\ishop2.loc\public\index.php | Строка: 9
===========================================
[2020-05-26 00:53:58] Текст ошибки: 
                    Страница не найдена | Файл: C:\openServer\OpenServer\domains\ishop2.loc\public\index.php | Строка: 9
===========================================
[2020-05-26 00:53:58] Текст ошибки: 
                    Страница не найдена | Файл: C:\openServer\OpenServer\domains\ishop2.loc\public\index.php | Строка: 9
===========================================
[2020-05-26 00:54:00] Текст ошибки: 
                    Страница не найдена | Файл: C:\openServer\OpenServer\domains\ishop2.loc\public\index.php | Строка: 9
===========================================
[2020-05-26 00:54:02] Текст ошибки: 
                    Страница не найдена | Файл: C:\openServer\OpenServer\domains\ishop2.loc\public\index.php | Строка: 9
===========================================
[2020-05-26 00:54:10] Текст ошибки: 
                    Страница не найдена | Файл: C:\openServer\OpenServer\domains\ishop2.loc\public\index.php | Строка: 9
===========================================
[2020-05-26 00:54:10] Текст ошибки: 
                    Страница не найдена | Файл: C:\openServer\OpenServer\domains\ishop2.loc\public\index.php | Строка: 9
===========================================
[2020-05-26 00:54:17] Текст ошибки: 
                    Страница не найдена | Файл: C:\openServer\OpenServer\domains\ishop2.loc\public\index.php | Строка: 9
===========================================
[2020-05-26 00:54:18] Текст ошибки: 
                    Страница не найдена | Файл: C:\openServer\OpenServer\domains\ishop2.loc\public\index.php | Строка: 9
===========================================
[2020-05-30 01:41:44] Текст ошибки: 
                    Страница не найдена | Файл: C:\openServer\OpenServer\domains\ishop2.loc\vendor\ishop\core\Router.php | Строка: 32
===========================================
[2020-05-30 01:41:45] Текст ошибки: 
                    Страница не найдена | Файл: C:\openServer\OpenServer\domains\ishop2.loc\vendor\ishop\core\Router.php | Строка: 32
===========================================
[2020-05-30 01:50:05] Текст ошибки: 
                    Страница не найдена | Файл: C:\openServer\OpenServer\domains\ishop2.loc\vendor\ishop\core\Router.php | Строка: 32
===========================================
[2020-05-30 01:50:06] Текст ошибки: 
                    Страница не найдена | Файл: C:\openServer\OpenServer\domains\ishop2.loc\vendor\ishop\core\Router.php | Строка: 32
===========================================
[2020-05-30 01:50:08] Текст ошибки: 
                    Страница не найдена | Файл: C:\openServer\OpenServer\domains\ishop2.loc\vendor\ishop\core\Router.php | Строка: 32
===========================================
[2020-05-30 01:50:08] Текст ошибки: 
                    Страница не найдена | Файл: C:\openServer\OpenServer\domains\ishop2.loc\vendor\ishop\core\Router.php | Строка: 32
===========================================
[2020-05-30 01:51:20] Текст ошибки: 
                    Страница не найдена | Файл: C:\openServer\OpenServer\domains\ishop2.loc\vendor\ishop\core\Router.php | Строка: 32
===========================================
[2020-05-30 01:51:20] Текст ошибки: 
                    Страница не найдена | Файл: C:\openServer\OpenServer\domains\ishop2.loc\vendor\ishop\core\Router.php | Строка: 32
===========================================
[2020-05-30 01:57:39] Текст ошибки: 
                    Страница не найдена | Файл: C:\openServer\OpenServer\domains\ishop2.loc\vendor\ishop\core\Router.php | Строка: 32
===========================================
[2020-05-30 01:57:40] Текст ошибки: 
                    Страница не найдена | Файл: C:\openServer\OpenServer\domains\ishop2.loc\vendor\ishop\core\Router.php | Строка: 32
===========================================
[2020-05-30 01:57:43] Текст ошибки: 
                    Страница не найдена | Файл: C:\openServer\OpenServer\domains\ishop2.loc\vendor\ishop\core\Router.php | Строка: 32
===========================================
[2020-05-30 01:57:43] Текст ошибки: 
                    Страница не найдена | Файл: C:\openServer\OpenServer\domains\ishop2.loc\vendor\ishop\core\Router.php | Строка: 32
===========================================
[2020-05-30 01:58:06] Текст ошибки: 
                    Страница не найдена | Файл: C:\openServer\OpenServer\domains\ishop2.loc\vendor\ishop\core\Router.php | Строка: 32
===========================================
[2020-05-30 01:58:06] Текст ошибки: 
                    Страница не найдена | Файл: C:\openServer\OpenServer\domains\ishop2.loc\vendor\ishop\core\Router.php | Строка: 32
===========================================
[2020-05-30 02:00:24] Текст ошибки: 
                    Страница не найдена | Файл: C:\openServer\OpenServer\domains\ishop2.loc\vendor\ishop\core\Router.php | Строка: 32
===========================================
[2020-05-30 02:00:25] Текст ошибки: 
                    Страница не найдена | Файл: C:\openServer\OpenServer\domains\ishop2.loc\vendor\ishop\core\Router.php | Строка: 32
===========================================
[2020-05-30 02:03:28] Текст ошибки: 
                    Страница не найдена | Файл: C:\openServer\OpenServer\domains\ishop2.loc\vendor\ishop\core\Router.php | Строка: 32
===========================================
[2020-05-30 02:03:29] Текст ошибки: 
                    Страница не найдена | Файл: C:\openServer\OpenServer\domains\ishop2.loc\vendor\ishop\core\Router.php | Строка: 32
===========================================
[2020-05-30 02:07:34] Текст ошибки: 
                    Страница не найдена | Файл: C:\openServer\OpenServer\domains\ishop2.loc\vendor\ishop\core\Router.php | Строка: 32
===========================================
[2020-05-30 02:07:35] Текст ошибки: 
                    Страница не найдена | Файл: C:\openServer\OpenServer\domains\ishop2.loc\vendor\ishop\core\Router.php | Строка: 32
===========================================
[2020-05-30 02:08:33] Текст ошибки: 
                    Страница не найдена | Файл: C:\openServer\OpenServer\domains\ishop2.loc\vendor\ishop\core\Router.php | Строка: 32
===========================================
[2020-05-30 02:08:34] Текст ошибки: 
                    Страница не найдена | Файл: C:\openServer\OpenServer\domains\ishop2.loc\vendor\ishop\core\Router.php | Строка: 32
===========================================
[2020-05-30 02:08:35] Текст ошибки: 
                    Страница не найдена | Файл: C:\openServer\OpenServer\domains\ishop2.loc\vendor\ishop\core\Router.php | Строка: 32
===========================================
[2020-05-30 02:08:35] Текст ошибки: 
                    Страница не найдена | Файл: C:\openServer\OpenServer\domains\ishop2.loc\vendor\ishop\core\Router.php | Строка: 32
===========================================
[2020-05-30 02:20:49] Текст ошибки: 
                    Страница не найдена | Файл: C:\openServer\OpenServer\domains\ishop2.loc\vendor\ishop\core\Router.php | Строка: 39
===========================================
[2020-05-30 02:20:50] Текст ошибки: 
                    Страница не найдена | Файл: C:\openServer\OpenServer\domains\ishop2.loc\vendor\ishop\core\Router.php | Строка: 39
===========================================
[2020-05-30 02:25:48] Текст ошибки: 
                    Страница не найдена | Файл: C:\openServer\OpenServer\domains\ishop2.loc\vendor\ishop\core\Router.php | Строка: 39
===========================================
[2020-05-30 02:25:49] Текст ошибки: 
                    Страница не найдена | Файл: C:\openServer\OpenServer\domains\ishop2.loc\vendor\ishop\core\Router.php | Строка: 39
===========================================
[2020-05-30 02:26:57] Текст ошибки: 
                    Страница не найдена | Файл: C:\openServer\OpenServer\domains\ishop2.loc\vendor\ishop\core\Router.php | Строка: 39
===========================================
[2020-05-30 02:26:58] Текст ошибки: 
                    Страница не найдена | Файл: C:\openServer\OpenServer\domains\ishop2.loc\vendor\ishop\core\Router.php | Строка: 39
===========================================
[2020-05-30 11:57:05] Текст ошибки: 
                    Страница не найдена | Файл: C:\openServer\OpenServer\domains\ishop2.loc\vendor\ishop\core\Router.php | Строка: 39
===========================================
[2020-05-30 11:57:07] Текст ошибки: 
                    Страница не найдена | Файл: C:\openServer\OpenServer\domains\ishop2.loc\vendor\ishop\core\Router.php | Строка: 39
===========================================
[2020-05-30 12:00:20] Текст ошибки: 
                    Страница не найдена | Файл: C:\openServer\OpenServer\domains\ishop2.loc\vendor\ishop\core\Router.php | Строка: 39
===========================================
[2020-05-30 12:00:21] Текст ошибки: 
                    Страница не найдена | Файл: C:\openServer\OpenServer\domains\ishop2.loc\vendor\ishop\core\Router.php | Строка: 39
===========================================
[2020-05-30 12:03:16] Текст ошибки: 
                    Страница не найдена | Файл: C:\openServer\OpenServer\domains\ishop2.loc\vendor\ishop\core\Router.php | Строка: 39
===========================================
[2020-05-30 12:03:16] Текст ошибки: 
                    Страница не найдена | Файл: C:\openServer\OpenServer\domains\ishop2.loc\vendor\ishop\core\Router.php | Строка: 39
===========================================
[2020-05-30 12:03:19] Текст ошибки: 
                    Страница не найдена | Файл: C:\openServer\OpenServer\domains\ishop2.loc\vendor\ishop\core\Router.php | Строка: 39
===========================================
[2020-05-30 12:03:19] Текст ошибки: 
                    Страница не найдена | Файл: C:\openServer\OpenServer\domains\ishop2.loc\vendor\ishop\core\Router.php | Строка: 39
===========================================
[2020-05-30 12:04:06] Текст ошибки: 
                    Страница не найдена | Файл: C:\openServer\OpenServer\domains\ishop2.loc\vendor\ishop\core\Router.php | Строка: 39
===========================================
[2020-05-30 12:04:07] Текст ошибки: 
                    Страница не найдена | Файл: C:\openServer\OpenServer\domains\ishop2.loc\vendor\ishop\core\Router.php | Строка: 39
===========================================
[2020-05-30 12:04:09] Текст ошибки: 
                    Страница не найдена | Файл: C:\openServer\OpenServer\domains\ishop2.loc\vendor\ishop\core\Router.php | Строка: 39
===========================================
[2020-05-30 12:04:09] Текст ошибки: 
                    Страница не найдена | Файл: C:\openServer\OpenServer\domains\ishop2.loc\vendor\ishop\core\Router.php | Строка: 39
===========================================
[2020-05-30 12:37:23] Текст ошибки: 
                    Страница не найдена | Файл: C:\openServer\OpenServer\domains\ishop2.loc\vendor\ishop\core\Router.php | Строка: 41
===========================================
[2020-05-30 12:37:28] Текст ошибки: 
                    Страница не найдена | Файл: C:\openServer\OpenServer\domains\ishop2.loc\vendor\ishop\core\Router.php | Строка: 41
===========================================
[2020-05-30 12:37:29] Текст ошибки: 
                    Страница не найдена | Файл: C:\openServer\OpenServer\domains\ishop2.loc\vendor\ishop\core\Router.php | Строка: 41
===========================================
[2020-05-30 12:37:49] Текст ошибки: 
                    Страница не найдена | Файл: C:\openServer\OpenServer\domains\ishop2.loc\vendor\ishop\core\Router.php | Строка: 41
===========================================
[2020-05-30 12:37:50] Текст ошибки: 
                    Страница не найдена | Файл: C:\openServer\OpenServer\domains\ishop2.loc\vendor\ishop\core\Router.php | Строка: 41
===========================================
[2020-05-30 12:38:40] Текст ошибки: 
                    Страница не найдена | Файл: C:\openServer\OpenServer\domains\ishop2.loc\vendor\ishop\core\Router.php | Строка: 41
===========================================
[2020-05-30 12:38:40] Текст ошибки: 
                    Страница не найдена | Файл: C:\openServer\OpenServer\domains\ishop2.loc\vendor\ishop\core\Router.php | Строка: 41
===========================================
[2020-05-30 12:41:54] Текст ошибки: 
                    Страница не найдена | Файл: C:\openServer\OpenServer\domains\ishop2.loc\vendor\ishop\core\Router.php | Строка: 41
===========================================
[2020-05-30 12:41:55] Текст ошибки: 
                    Страница не найдена | Файл: C:\openServer\OpenServer\domains\ishop2.loc\vendor\ishop\core\Router.php | Строка: 41
===========================================
[2020-05-30 12:42:11] Текст ошибки: 
                    Страница не найдена | Файл: C:\openServer\OpenServer\domains\ishop2.loc\vendor\ishop\core\Router.php | Строка: 41
===========================================
[2020-05-30 12:42:11] Текст ошибки: 
                    Страница не найдена | Файл: C:\openServer\OpenServer\domains\ishop2.loc\vendor\ishop\core\Router.php | Строка: 41
===========================================
[2020-05-30 12:42:24] Текст ошибки: 
                    Страница не найдена | Файл: C:\openServer\OpenServer\domains\ishop2.loc\vendor\ishop\core\Router.php | Строка: 41
===========================================
[2020-05-30 12:42:24] Текст ошибки: 
                    Страница не найдена | Файл: C:\openServer\OpenServer\domains\ishop2.loc\vendor\ishop\core\Router.php | Строка: 41
===========================================
[2020-05-30 12:43:07] Текст ошибки: 
                    Страница не найдена | Файл: C:\openServer\OpenServer\domains\ishop2.loc\vendor\ishop\core\Router.php | Строка: 41
===========================================
[2020-05-30 12:43:08] Текст ошибки: 
                    Страница не найдена | Файл: C:\openServer\OpenServer\domains\ishop2.loc\vendor\ishop\core\Router.php | Строка: 41
===========================================
[2020-05-30 12:43:12] Текст ошибки: 
                    Страница не найдена | Файл: C:\openServer\OpenServer\domains\ishop2.loc\vendor\ishop\core\Router.php | Строка: 41
===========================================
[2020-05-30 12:43:12] Текст ошибки: 
                    Страница не найдена | Файл: C:\openServer\OpenServer\domains\ishop2.loc\vendor\ishop\core\Router.php | Строка: 41
===========================================
[2020-05-30 12:43:13] Текст ошибки: 
                    Страница не найдена | Файл: C:\openServer\OpenServer\domains\ishop2.loc\vendor\ishop\core\Router.php | Строка: 41
===========================================
[2020-05-30 12:43:14] Текст ошибки: 
                    Страница не найдена | Файл: C:\openServer\OpenServer\domains\ishop2.loc\vendor\ishop\core\Router.php | Строка: 41
===========================================
[2020-05-30 12:43:15] Текст ошибки: 
                    Страница не найдена | Файл: C:\openServer\OpenServer\domains\ishop2.loc\vendor\ishop\core\Router.php | Строка: 41
===========================================
[2020-05-30 12:43:15] Текст ошибки: 
                    Страница не найдена | Файл: C:\openServer\OpenServer\domains\ishop2.loc\vendor\ishop\core\Router.php | Строка: 41
===========================================
[2020-05-30 12:43:15] Текст ошибки: 
                    Страница не найдена | Файл: C:\openServer\OpenServer\domains\ishop2.loc\vendor\ishop\core\Router.php | Строка: 41
===========================================
[2020-05-30 12:43:16] Текст ошибки: 
                    Страница не найдена | Файл: C:\openServer\OpenServer\domains\ishop2.loc\vendor\ishop\core\Router.php | Строка: 41
===========================================
[2020-05-30 12:44:14] Текст ошибки: 
                    Страница не найдена | Файл: C:\openServer\OpenServer\domains\ishop2.loc\vendor\ishop\core\Router.php | Строка: 41
===========================================
[2020-05-30 12:44:15] Текст ошибки: 
                    Страница не найдена | Файл: C:\openServer\OpenServer\domains\ishop2.loc\vendor\ishop\core\Router.php | Строка: 41
===========================================
[2020-05-30 12:44:17] Текст ошибки: 
                    Страница не найдена | Файл: C:\openServer\OpenServer\domains\ishop2.loc\vendor\ishop\core\Router.php | Строка: 41
===========================================
[2020-05-30 12:44:17] Текст ошибки: 
                    Страница не найдена | Файл: C:\openServer\OpenServer\domains\ishop2.loc\vendor\ishop\core\Router.php | Строка: 41
===========================================
[2020-05-30 12:44:28] Текст ошибки: 
                    Страница не найдена | Файл: C:\openServer\OpenServer\domains\ishop2.loc\vendor\ishop\core\Router.php | Строка: 41
===========================================
[2020-05-30 12:44:29] Текст ошибки: 
                    Страница не найдена | Файл: C:\openServer\OpenServer\domains\ishop2.loc\vendor\ishop\core\Router.php | Строка: 41
===========================================
[2020-05-30 12:44:38] Текст ошибки: 
                    Страница не найдена | Файл: C:\openServer\OpenServer\domains\ishop2.loc\vendor\ishop\core\Router.php | Строка: 41
===========================================
[2020-05-30 12:44:38] Текст ошибки: 
                    Страница не найдена | Файл: C:\openServer\OpenServer\domains\ishop2.loc\vendor\ishop\core\Router.php | Строка: 41
===========================================
[2020-05-30 12:44:46] Текст ошибки: 
                    Страница не найдена | Файл: C:\openServer\OpenServer\domains\ishop2.loc\vendor\ishop\core\Router.php | Строка: 41
===========================================
[2020-05-30 12:44:55] Текст ошибки: 
                    Access to undeclared static property: ishop\Router::$roue | Файл: C:\openServer\OpenServer\domains\ishop2.loc\vendor\ishop\core\Router.php | Строка: 31
===========================================
[2020-05-30 12:44:56] Текст ошибки: 
                    Страница не найдена | Файл: C:\openServer\OpenServer\domains\ishop2.loc\vendor\ishop\core\Router.php | Строка: 41
===========================================
[2020-05-30 12:47:13] Текст ошибки: 
                    Access to undeclared static property: ishop\Router::$roue | Файл: C:\openServer\OpenServer\domains\ishop2.loc\vendor\ishop\core\Router.php | Строка: 31
===========================================
[2020-05-30 12:47:14] Текст ошибки: 
                    Страница не найдена | Файл: C:\openServer\OpenServer\domains\ishop2.loc\vendor\ishop\core\Router.php | Строка: 41
===========================================
[2020-05-30 12:47:19] Текст ошибки: 
                    Страница не найдена | Файл: C:\openServer\OpenServer\domains\ishop2.loc\vendor\ishop\core\Router.php | Строка: 41
===========================================
[2020-05-30 12:47:20] Текст ошибки: 
                    Страница не найдена | Файл: C:\openServer\OpenServer\domains\ishop2.loc\vendor\ishop\core\Router.php | Строка: 41
===========================================
[2020-05-30 12:47:26] Текст ошибки: 
                    Access to undeclared static property: ishop\Router::$roue | Файл: C:\openServer\OpenServer\domains\ishop2.loc\vendor\ishop\core\Router.php | Строка: 31
===========================================
[2020-05-30 12:47:27] Текст ошибки: 
                    Страница не найдена | Файл: C:\openServer\OpenServer\domains\ishop2.loc\vendor\ishop\core\Router.php | Строка: 41
===========================================
[2020-05-30 12:48:14] Текст ошибки: 
                    Access to undeclared static property: ishop\Router::$roue | Файл: C:\openServer\OpenServer\domains\ishop2.loc\vendor\ishop\core\Router.php | Строка: 31
===========================================
[2020-05-30 12:48:15] Текст ошибки: 
                    Страница не найдена | Файл: C:\openServer\OpenServer\domains\ishop2.loc\vendor\ishop\core\Router.php | Строка: 41
===========================================
[2020-05-30 12:48:27] Текст ошибки: 
                    Access to undeclared static property: ishop\Router::$roue | Файл: C:\openServer\OpenServer\domains\ishop2.loc\vendor\ishop\core\Router.php | Строка: 31
===========================================
[2020-05-30 12:48:27] Текст ошибки: 
                    Страница не найдена | Файл: C:\openServer\OpenServer\domains\ishop2.loc\vendor\ishop\core\Router.php | Строка: 41
===========================================
[2020-05-30 12:48:45] Текст ошибки: 
                    Access to undeclared static property: ishop\Router::$roue | Файл: C:\openServer\OpenServer\domains\ishop2.loc\vendor\ishop\core\Router.php | Строка: 30
===========================================
[2020-05-30 12:48:46] Текст ошибки: 
                    Страница не найдена | Файл: C:\openServer\OpenServer\domains\ishop2.loc\vendor\ishop\core\Router.php | Строка: 40
===========================================
[2020-05-30 12:49:57] Текст ошибки: 
                    Access to undeclared static property: ishop\Router::$roue | Файл: C:\openServer\OpenServer\domains\ishop2.loc\vendor\ishop\core\Router.php | Строка: 30
===========================================
[2020-05-30 12:49:58] Текст ошибки: 
                    Страница не найдена | Файл: C:\openServer\OpenServer\domains\ishop2.loc\vendor\ishop\core\Router.php | Строка: 39
===========================================
[2020-05-30 12:50:17] Текст ошибки: 
                    Access to undeclared static property: ishop\Router::$roue | Файл: C:\openServer\OpenServer\domains\ishop2.loc\vendor\ishop\core\Router.php | Строка: 30
===========================================
[2020-05-30 12:50:17] Текст ошибки: 
                    Страница не найдена | Файл: C:\openServer\OpenServer\domains\ishop2.loc\vendor\ishop\core\Router.php | Строка: 39
===========================================
[2020-05-30 12:50:47] Текст ошибки: 
                    Access to undeclared static property: ishop\Router::$roue | Файл: C:\openServer\OpenServer\domains\ishop2.loc\vendor\ishop\core\Router.php | Строка: 31
===========================================
[2020-05-30 12:50:48] Текст ошибки: 
                    Страница не найдена | Файл: C:\openServer\OpenServer\domains\ishop2.loc\vendor\ishop\core\Router.php | Строка: 40
===========================================
[2020-05-30 12:51:08] Текст ошибки: 
                    Страница не найдена | Файл: C:\openServer\OpenServer\domains\ishop2.loc\vendor\ishop\core\Router.php | Строка: 39
===========================================
[2020-05-30 12:51:19] Текст ошибки: 
                    Access to undeclared static property: ishop\Router::$roue | Файл: C:\openServer\OpenServer\domains\ishop2.loc\vendor\ishop\core\Router.php | Строка: 30
===========================================
[2020-05-30 12:51:19] Текст ошибки: 
                    Страница не найдена | Файл: C:\openServer\OpenServer\domains\ishop2.loc\vendor\ishop\core\Router.php | Строка: 39
===========================================
[2020-05-30 12:51:49] Текст ошибки: 
                    Страница не найдена | Файл: C:\openServer\OpenServer\domains\ishop2.loc\vendor\ishop\core\Router.php | Строка: 39
===========================================
[2020-05-30 12:52:10] Текст ошибки: 
                    Страница не найдена | Файл: C:\openServer\OpenServer\domains\ishop2.loc\vendor\ishop\core\Router.php | Строка: 39
===========================================
[2020-05-30 12:52:30] Текст ошибки: 
                    Страница не найдена | Файл: C:\openServer\OpenServer\domains\ishop2.loc\vendor\ishop\core\Router.php | Строка: 39
===========================================
[2020-05-30 12:54:38] Текст ошибки: 
                    Страница не найдена | Файл: C:\openServer\OpenServer\domains\ishop2.loc\vendor\ishop\core\Router.php | Строка: 39
===========================================
[2020-05-30 12:54:52] Текст ошибки: 
                    Страница не найдена | Файл: C:\openServer\OpenServer\domains\ishop2.loc\vendor\ishop\core\Router.php | Строка: 39
===========================================
[2020-05-30 12:55:47] Текст ошибки: 
                    Страница не найдена | Файл: C:\openServer\OpenServer\domains\ishop2.loc\vendor\ishop\core\Router.php | Строка: 39
===========================================
[2020-05-30 12:56:44] Текст ошибки: 
                    Страница не найдена | Файл: C:\openServer\OpenServer\domains\ishop2.loc\vendor\ishop\core\Router.php | Строка: 39
===========================================
[2020-05-30 12:57:43] Текст ошибки: 
                    Страница не найдена | Файл: C:\openServer\OpenServer\domains\ishop2.loc\vendor\ishop\core\Router.php | Строка: 39
===========================================
[2020-05-30 12:57:47] Текст ошибки: 
                    Страница не найдена | Файл: C:\openServer\OpenServer\domains\ishop2.loc\vendor\ishop\core\Router.php | Строка: 39
===========================================
[2020-05-30 13:02:14] Текст ошибки: 
                    Страница не найдена | Файл: C:\openServer\OpenServer\domains\ishop2.loc\vendor\ishop\core\Router.php | Строка: 39
===========================================
[2020-05-30 13:03:12] Текст ошибки: 
                    Страница не найдена | Файл: C:\openServer\OpenServer\domains\ishop2.loc\vendor\ishop\core\Router.php | Строка: 39
===========================================
[2020-05-30 13:03:21] Текст ошибки: 
                    Страница не найдена | Файл: C:\openServer\OpenServer\domains\ishop2.loc\vendor\ishop\core\Router.php | Строка: 39
===========================================
[2020-05-30 13:05:48] Текст ошибки: 
                    Страница не найдена | Файл: C:\openServer\OpenServer\domains\ishop2.loc\vendor\ishop\core\Router.php | Строка: 39
===========================================
[2020-05-30 13:05:56] Текст ошибки: 
                    Страница не найдена | Файл: C:\openServer\OpenServer\domains\ishop2.loc\vendor\ishop\core\Router.php | Строка: 39
===========================================
[2020-05-30 13:05:57] Текст ошибки: 
                    Страница не найдена | Файл: C:\openServer\OpenServer\domains\ishop2.loc\vendor\ishop\core\Router.php | Строка: 39
===========================================
[2020-05-30 13:06:06] Текст ошибки: 
                    Страница не найдена | Файл: C:\openServer\OpenServer\domains\ishop2.loc\vendor\ishop\core\Router.php | Строка: 39
===========================================
[2020-05-30 13:14:19] Текст ошибки: 
                    Контроллер api\controllers\PageYController не найден | Файл: C:\openServer\OpenServer\domains\ishop2.loc\vendor\ishop\core\Router.php | Строка: 36
===========================================
[2020-05-30 13:14:19] Текст ошибки: 
                    Страница не найдена | Файл: C:\openServer\OpenServer\domains\ishop2.loc\vendor\ishop\core\Router.php | Строка: 39
===========================================
[2020-05-30 13:14:28] Текст ошибки: 
                    Контроллер api\controllers\PageController не найден | Файл: C:\openServer\OpenServer\domains\ishop2.loc\vendor\ishop\core\Router.php | Строка: 36
===========================================
[2020-05-30 13:14:28] Текст ошибки: 
                    Страница не найдена | Файл: C:\openServer\OpenServer\domains\ishop2.loc\vendor\ishop\core\Router.php | Строка: 39
===========================================
[2020-05-30 13:14:50] Текст ошибки: 
                    Страница не найдена | Файл: C:\openServer\OpenServer\domains\ishop2.loc\vendor\ishop\core\Router.php | Строка: 39
===========================================
[2020-05-30 13:15:57] Текст ошибки: 
                    Страница не найдена | Файл: C:\openServer\OpenServer\domains\ishop2.loc\vendor\ishop\core\Router.php | Строка: 39
===========================================
[2020-05-30 13:19:55] Текст ошибки: 
                    Контроллер api\controllers\PageController не найден | Файл: C:\openServer\OpenServer\domains\ishop2.loc\vendor\ishop\core\Router.php | Строка: 43
===========================================
[2020-05-30 13:19:56] Текст ошибки: 
                    Страница не найдена | Файл: C:\openServer\OpenServer\domains\ishop2.loc\vendor\ishop\core\Router.php | Строка: 46
===========================================
[2020-05-30 13:20:04] Текст ошибки: 
                    Контроллер api\controllers\MainController не найден | Файл: C:\openServer\OpenServer\domains\ishop2.loc\vendor\ishop\core\Router.php | Строка: 43
===========================================
[2020-05-30 13:20:05] Текст ошибки: 
                    Страница не найдена | Файл: C:\openServer\OpenServer\domains\ishop2.loc\vendor\ishop\core\Router.php | Строка: 46
===========================================
[2020-05-30 13:21:05] Текст ошибки: 
                    Контроллер api\controllers\MainController не найден | Файл: C:\openServer\OpenServer\domains\ishop2.loc\vendor\ishop\core\Router.php | Строка: 43
===========================================
[2020-05-30 13:21:05] Текст ошибки: 
                    Страница не найдена | Файл: C:\openServer\OpenServer\domains\ishop2.loc\vendor\ishop\core\Router.php | Строка: 46
===========================================
[2020-05-30 13:23:12] Текст ошибки: 
                    Контроллер api\controllers\MainController не найден | Файл: C:\openServer\OpenServer\domains\ishop2.loc\vendor\ishop\core\Router.php | Строка: 43
===========================================
[2020-05-30 13:23:12] Текст ошибки: 
                    Страница не найдена | Файл: C:\openServer\OpenServer\domains\ishop2.loc\vendor\ishop\core\Router.php | Строка: 46
===========================================
[2020-05-30 13:23:13] Текст ошибки: 
                    Контроллер api\controllers\MainController не найден | Файл: C:\openServer\OpenServer\domains\ishop2.loc\vendor\ishop\core\Router.php | Строка: 43
===========================================
[2020-05-30 13:23:13] Текст ошибки: 
                    Страница не найдена | Файл: C:\openServer\OpenServer\domains\ishop2.loc\vendor\ishop\core\Router.php | Строка: 46
===========================================
[2020-05-30 13:23:14] Текст ошибки: 
                    Контроллер api\controllers\MainController не найден | Файл: C:\openServer\OpenServer\domains\ishop2.loc\vendor\ishop\core\Router.php | Строка: 43
===========================================
[2020-05-30 13:23:15] Текст ошибки: 
                    Страница не найдена | Файл: C:\openServer\OpenServer\domains\ishop2.loc\vendor\ishop\core\Router.php | Строка: 46
===========================================
[2020-05-30 13:23:15] Текст ошибки: 
                    Контроллер api\controllers\MainController не найден | Файл: C:\openServer\OpenServer\domains\ishop2.loc\vendor\ishop\core\Router.php | Строка: 43
===========================================
[2020-05-30 13:23:16] Текст ошибки: 
                    Страница не найдена | Файл: C:\openServer\OpenServer\domains\ishop2.loc\vendor\ishop\core\Router.php | Строка: 46
===========================================
[2020-05-30 13:23:16] Текст ошибки: 
                    Контроллер api\controllers\MainController не найден | Файл: C:\openServer\OpenServer\domains\ishop2.loc\vendor\ishop\core\Router.php | Строка: 43
===========================================
[2020-05-30 13:23:16] Текст ошибки: 
                    Страница не найдена | Файл: C:\openServer\OpenServer\domains\ishop2.loc\vendor\ishop\core\Router.php | Строка: 46
===========================================
[2020-05-30 13:23:45] Текст ошибки: 
                    Контроллер api\controllers\MainController не найден | Файл: C:\openServer\OpenServer\domains\ishop2.loc\vendor\ishop\core\Router.php | Строка: 43
===========================================
[2020-05-30 13:23:46] Текст ошибки: 
                    Страница не найдена | Файл: C:\openServer\OpenServer\domains\ishop2.loc\vendor\ishop\core\Router.php | Строка: 46
===========================================
[2020-05-30 13:23:48] Текст ошибки: 
                    Контроллер api\controllers\MainController не найден | Файл: C:\openServer\OpenServer\domains\ishop2.loc\vendor\ishop\core\Router.php | Строка: 43
===========================================
[2020-05-30 13:23:49] Текст ошибки: 
                    Страница не найдена | Файл: C:\openServer\OpenServer\domains\ishop2.loc\vendor\ishop\core\Router.php | Строка: 46
===========================================
[2020-05-30 13:23:49] Текст ошибки: 
                    Контроллер api\controllers\MainController не найден | Файл: C:\openServer\OpenServer\domains\ishop2.loc\vendor\ishop\core\Router.php | Строка: 43
===========================================
[2020-05-30 13:23:50] Текст ошибки: 
                    Страница не найдена | Файл: C:\openServer\OpenServer\domains\ishop2.loc\vendor\ishop\core\Router.php | Строка: 46
===========================================
[2020-05-30 13:24:29] Текст ошибки: 
                    Контроллер api\controllers\MainController не найден | Файл: C:\openServer\OpenServer\domains\ishop2.loc\vendor\ishop\core\Router.php | Строка: 43
===========================================
[2020-05-30 13:24:30] Текст ошибки: 
                    Страница не найдена | Файл: C:\openServer\OpenServer\domains\ishop2.loc\vendor\ishop\core\Router.php | Строка: 46
===========================================
[2020-05-30 13:25:29] Текст ошибки: 
                    Контроллер api\controllers\MainController не найден | Файл: C:\openServer\OpenServer\domains\ishop2.loc\vendor\ishop\core\Router.php | Строка: 43
===========================================
[2020-05-30 13:25:30] Текст ошибки: 
                    Страница не найдена | Файл: C:\openServer\OpenServer\domains\ishop2.loc\vendor\ishop\core\Router.php | Строка: 46
===========================================
[2020-05-30 13:25:33] Текст ошибки: 
                    Контроллер api\controllers\MainController не найден | Файл: C:\openServer\OpenServer\domains\ishop2.loc\vendor\ishop\core\Router.php | Строка: 43
===========================================
[2020-05-30 13:25:33] Текст ошибки: 
                    Страница не найдена | Файл: C:\openServer\OpenServer\domains\ishop2.loc\vendor\ishop\core\Router.php | Строка: 46
===========================================
[2020-05-30 13:26:01] Текст ошибки: 
                    Контроллер api\controllers\MainController не найден | Файл: C:\openServer\OpenServer\domains\ishop2.loc\vendor\ishop\core\Router.php | Строка: 43
===========================================
[2020-05-30 13:26:01] Текст ошибки: 
                    Страница не найдена | Файл: C:\openServer\OpenServer\domains\ishop2.loc\vendor\ishop\core\Router.php | Строка: 46
===========================================
[2020-05-30 13:26:29] Текст ошибки: 
                    Контроллер api\controllers\MainController не найден | Файл: C:\openServer\OpenServer\domains\ishop2.loc\vendor\ishop\core\Router.php | Строка: 43
===========================================
[2020-05-30 13:26:30] Текст ошибки: 
                    Страница не найдена | Файл: C:\openServer\OpenServer\domains\ishop2.loc\vendor\ishop\core\Router.php | Строка: 46
===========================================
[2020-05-30 13:28:40] Текст ошибки: 
                    Контроллер api\controllers\MainController не найден | Файл: C:\openServer\OpenServer\domains\ishop2.loc\vendor\ishop\core\Router.php | Строка: 43
===========================================
[2020-05-30 13:28:40] Текст ошибки: 
                    Страница не найдена | Файл: C:\openServer\OpenServer\domains\ishop2.loc\vendor\ishop\core\Router.php | Строка: 46
===========================================
[2020-05-30 13:29:41] Текст ошибки: 
                    Контроллер api\controllers\MainController не найден | Файл: C:\openServer\OpenServer\domains\ishop2.loc\vendor\ishop\core\Router.php | Строка: 43
===========================================
[2020-05-30 13:29:41] Текст ошибки: 
                    Страница не найдена | Файл: C:\openServer\OpenServer\domains\ishop2.loc\vendor\ishop\core\Router.php | Строка: 46
===========================================
[2020-05-30 13:30:36] Текст ошибки: 
                    Контроллер api\controllers\MainController не найден | Файл: C:\openServer\OpenServer\domains\ishop2.loc\vendor\ishop\core\Router.php | Строка: 44
===========================================
[2020-05-30 13:30:37] Текст ошибки: 
                    Страница не найдена | Файл: C:\openServer\OpenServer\domains\ishop2.loc\vendor\ishop\core\Router.php | Строка: 47
===========================================
[2020-05-30 13:30:39] Текст ошибки: 
                    Контроллер api\controllers\MainController не найден | Файл: C:\openServer\OpenServer\domains\ishop2.loc\vendor\ishop\core\Router.php | Строка: 44
===========================================
[2020-05-30 13:30:40] Текст ошибки: 
                    Страница не найдена | Файл: C:\openServer\OpenServer\domains\ishop2.loc\vendor\ishop\core\Router.php | Строка: 47
===========================================
[2020-05-30 13:31:39] Текст ошибки: 
                    Контроллер api\controllers\MainController не найден | Файл: C:\openServer\OpenServer\domains\ishop2.loc\vendor\ishop\core\Router.php | Строка: 45
===========================================
[2020-05-30 13:31:39] Текст ошибки: 
                    Страница не найдена | Файл: C:\openServer\OpenServer\domains\ishop2.loc\vendor\ishop\core\Router.php | Строка: 48
===========================================
[2020-05-30 13:31:41] Текст ошибки: 
                    Контроллер api\controllers\MainController не найден | Файл: C:\openServer\OpenServer\domains\ishop2.loc\vendor\ishop\core\Router.php | Строка: 45
===========================================
[2020-05-30 13:31:41] Текст ошибки: 
                    Страница не найдена | Файл: C:\openServer\OpenServer\domains\ishop2.loc\vendor\ishop\core\Router.php | Строка: 48
===========================================
[2020-05-30 13:32:15] Текст ошибки: 
                    Контроллер api\controllers\MainController не найден | Файл: C:\openServer\OpenServer\domains\ishop2.loc\vendor\ishop\core\Router.php | Строка: 45
===========================================
[2020-05-30 13:32:15] Текст ошибки: 
                    Страница не найдена | Файл: C:\openServer\OpenServer\domains\ishop2.loc\vendor\ishop\core\Router.php | Строка: 48
===========================================
[2020-05-30 13:33:25] Текст ошибки: 
                    Контроллер api\controllers\PageController не найден | Файл: C:\openServer\OpenServer\domains\ishop2.loc\vendor\ishop\core\Router.php | Строка: 45
===========================================
[2020-05-30 13:33:26] Текст ошибки: 
                    Страница не найдена | Файл: C:\openServer\OpenServer\domains\ishop2.loc\vendor\ishop\core\Router.php | Строка: 48
===========================================
[2020-05-30 13:35:00] Текст ошибки: 
                    Контроллер api\controllers\PageController не найден | Файл: C:\openServer\OpenServer\domains\ishop2.loc\vendor\ishop\core\Router.php | Строка: 45
===========================================
[2020-05-30 13:35:01] Текст ошибки: 
                    Страница не найдена | Файл: C:\openServer\OpenServer\domains\ishop2.loc\vendor\ishop\core\Router.php | Строка: 48
===========================================
[2020-05-30 13:35:02] Текст ошибки: 
                    Контроллер api\controllers\PageController не найден | Файл: C:\openServer\OpenServer\domains\ishop2.loc\vendor\ishop\core\Router.php | Строка: 45
===========================================
[2020-05-30 13:35:02] Текст ошибки: 
                    Страница не найдена | Файл: C:\openServer\OpenServer\domains\ishop2.loc\vendor\ishop\core\Router.php | Строка: 48
===========================================
[2020-05-30 13:35:41] Текст ошибки: 
                    Class 'api\controllers\PageController' not found | Файл: C:\openServer\OpenServer\domains\ishop2.loc\vendor\ishop\core\Router.php | Строка: 34
===========================================
[2020-05-30 13:35:42] Текст ошибки: 
                    Страница не найдена | Файл: C:\openServer\OpenServer\domains\ishop2.loc\vendor\ishop\core\Router.php | Строка: 48
===========================================
[2020-05-30 13:36:26] Текст ошибки: 
                    Метод api\controllers\PageController::indexAction не найден | Файл: C:\openServer\OpenServer\domains\ishop2.loc\vendor\ishop\core\Router.php | Строка: 42
===========================================
[2020-05-30 13:36:27] Текст ошибки: 
                    Страница не найдена | Файл: C:\openServer\OpenServer\domains\ishop2.loc\vendor\ishop\core\Router.php | Строка: 48
===========================================
[2020-05-30 13:37:09] Текст ошибки: 
                    Страница не найдена | Файл: C:\openServer\OpenServer\domains\ishop2.loc\vendor\ishop\core\Router.php | Строка: 48
===========================================
[2020-05-30 13:37:26] Текст ошибки: 
                    Страница не найдена | Файл: C:\openServer\OpenServer\domains\ishop2.loc\vendor\ishop\core\Router.php | Строка: 48
===========================================
[2020-05-30 13:40:42] Текст ошибки: 
                    Контроллер api\controllers\PageController не найден | Файл: C:\openServer\OpenServer\domains\ishop2.loc\vendor\ishop\core\Router.php | Строка: 45
===========================================
[2020-05-30 13:40:43] Текст ошибки: 
                    Страница не найдена | Файл: C:\openServer\OpenServer\domains\ishop2.loc\vendor\ishop\core\Router.php | Строка: 48
===========================================
[2020-05-30 13:40:54] Текст ошибки: 
                    Контроллер api\controllers\MainController не найден | Файл: C:\openServer\OpenServer\domains\ishop2.loc\vendor\ishop\core\Router.php | Строка: 45
===========================================
[2020-05-30 13:40:55] Текст ошибки: 
                    Страница не найдена | Файл: C:\openServer\OpenServer\domains\ishop2.loc\vendor\ishop\core\Router.php | Строка: 48
===========================================
[2020-05-30 13:47:29] Текст ошибки: 
                    Страница не найдена | Файл: C:\openServer\OpenServer\domains\ishop2.loc\vendor\ishop\core\Router.php | Строка: 47
===========================================
[2020-05-30 13:48:00] Текст ошибки: 
                    Страница не найдена | Файл: C:\openServer\OpenServer\domains\ishop2.loc\vendor\ishop\core\Router.php | Строка: 45
===========================================
[2020-05-30 13:49:11] Текст ошибки: 
                    Страница не найдена | Файл: C:\openServer\OpenServer\domains\ishop2.loc\vendor\ishop\core\Router.php | Строка: 45
===========================================
[2020-05-30 13:50:50] Текст ошибки: 
                    Страница не найдена | Файл: C:\openServer\OpenServer\domains\ishop2.loc\vendor\ishop\core\Router.php | Строка: 45
===========================================
[2020-05-30 13:53:50] Текст ошибки: 
                    Метод app\controllers\PageController::indexAction не найден | Файл: C:\openServer\OpenServer\domains\ishop2.loc\vendor\ishop\core\Router.php | Строка: 39
===========================================
[2020-05-30 13:53:52] Текст ошибки: 
                    Страница не найдена | Файл: C:\openServer\OpenServer\domains\ishop2.loc\vendor\ishop\core\Router.php | Строка: 45
===========================================
[2020-05-30 13:53:59] Текст ошибки: 
                    Страница не найдена | Файл: C:\openServer\OpenServer\domains\ishop2.loc\vendor\ishop\core\Router.php | Строка: 45
===========================================
[2020-05-30 15:31:56] Текст ошибки: 
                    Страница не найдена | Файл: C:\openServer\OpenServer\domains\ishop2.loc\vendor\ishop\core\Router.php | Строка: 45
===========================================
[2020-05-30 15:33:19] Текст ошибки: 
                    Страница не найдена | Файл: C:\openServer\OpenServer\domains\ishop2.loc\vendor\ishop\core\Router.php | Строка: 45
===========================================
[2020-05-30 15:33:58] Текст ошибки: 
                    Страница не найдена | Файл: C:\openServer\OpenServer\domains\ishop2.loc\vendor\ishop\core\Router.php | Строка: 45
===========================================
[2020-05-30 15:34:00] Текст ошибки: 
                    Страница не найдена | Файл: C:\openServer\OpenServer\domains\ishop2.loc\vendor\ishop\core\Router.php | Строка: 45
===========================================
[2020-05-30 15:34:43] Текст ошибки: 
                    Страница не найдена | Файл: C:\openServer\OpenServer\domains\ishop2.loc\vendor\ishop\core\Router.php | Строка: 45
===========================================
[2020-05-30 15:35:51] Текст ошибки: 
                    Страница не найдена | Файл: C:\openServer\OpenServer\domains\ishop2.loc\vendor\ishop\core\Router.php | Строка: 45
===========================================
[2020-05-30 15:35:52] Текст ошибки: 
                    Страница не найдена | Файл: C:\openServer\OpenServer\domains\ishop2.loc\vendor\ishop\core\Router.php | Строка: 45
===========================================
[2020-05-30 15:39:46] Текст ошибки: 
                    Страница не найдена | Файл: C:\openServer\OpenServer\domains\ishop2.loc\vendor\ishop\core\Router.php | Строка: 45
===========================================
[2020-05-30 15:40:57] Текст ошибки: 
                    Страница не найдена | Файл: C:\openServer\OpenServer\domains\ishop2.loc\vendor\ishop\core\Router.php | Строка: 45
===========================================
[2020-05-30 15:41:17] Текст ошибки: 
                    Страница не найдена | Файл: C:\openServer\OpenServer\domains\ishop2.loc\vendor\ishop\core\Router.php | Строка: 45
===========================================
[2020-05-30 15:41:20] Текст ошибки: 
                    Страница не найдена | Файл: C:\openServer\OpenServer\domains\ishop2.loc\vendor\ishop\core\Router.php | Строка: 45
===========================================
[2020-05-30 15:42:29] Текст ошибки: 
                    Страница не найдена | Файл: C:\openServer\OpenServer\domains\ishop2.loc\vendor\ishop\core\Router.php | Строка: 45
===========================================
[2020-05-30 15:43:04] Текст ошибки: 
                    Страница не найдена | Файл: C:\openServer\OpenServer\domains\ishop2.loc\vendor\ishop\core\Router.php | Строка: 45
===========================================
[2020-05-30 16:06:46] Текст ошибки: 
                    Страница не найдена | Файл: C:\openServer\OpenServer\domains\ishop2.loc\vendor\ishop\core\Router.php | Строка: 45
===========================================
[2020-05-30 16:06:49] Текст ошибки: 
                    Страница не найдена | Файл: C:\openServer\OpenServer\domains\ishop2.loc\vendor\ishop\core\Router.php | Строка: 45
===========================================
[2020-05-30 16:08:31] Текст ошибки: 
                    Страница не найдена | Файл: C:\openServer\OpenServer\domains\ishop2.loc\vendor\ishop\core\Router.php | Строка: 45
===========================================
[2020-05-30 16:16:09] Текст ошибки: 
                    Страница не найдена | Файл: C:\openServer\OpenServer\domains\ishop2.loc\vendor\ishop\core\Router.php | Строка: 45
===========================================
[2020-05-30 16:26:47] Текст ошибки: 
                    Страница не найдена | Файл: C:\openServer\OpenServer\domains\ishop2.loc\vendor\ishop\core\Router.php | Строка: 45
===========================================
[2020-05-30 16:28:21] Текст ошибки: 
                    Страница не найдена | Файл: C:\openServer\OpenServer\domains\ishop2.loc\vendor\ishop\core\Router.php | Строка: 45
===========================================
